0 info it worked if it ends with ok
1 verbose cli [ '/opt/node-v6.9.4-linux-x64/bin/node',
1 verbose cli   '/usr/local/bin/npm',
1 verbose cli   'start' ]
2 info using npm@3.10.10
3 info using node@v6.9.4
4 verbose run-script [ 'prestart', 'start', 'poststart' ]
5 info lifecycle mortgageCalculator@0.0.0~prestart: mortgageCalculator@0.0.0
6 silly lifecycle mortgageCalculator@0.0.0~prestart: no script for prestart, continuing
7 info lifecycle mortgageCalculator@0.0.0~start: mortgageCalculator@0.0.0
8 verbose lifecycle mortgageCalculator@0.0.0~start: unsafe-perm in lifecycle true
9 verbose lifecycle mortgageCalculator@0.0.0~start: PATH: /opt/node-v6.9.4-linux-x64/lib/node_modules/npm/bin/node-gyp-bin:/home/pedcremo/Dropbox/curs2016-2017/javascript/2nd_term/mortgage_hottowel_generator/node_modules/.bin:/opt/node-v6.9.4-linux-x64/bin:/home/pedcremo/.npm-packages/bin:/usr/local/heroku/bin:/usr/games:/opt/mongodb/bin:/usr/local/sbin:/usr/local/bin:/usr/sbin:/usr/bin:/sbin:/bin:/usr/games:/usr/local/games:/usr/lib/jvm/java-8-oracle/bin:/usr/lib/jvm/java-8-oracle/db/bin:/usr/lib/jvm/java-8-oracle/jre/bin:/home/root/lejos/bin:/home/pedcremo/Android/Sdk/tools:/home/pedcremo/Android/Sdk/platform-tools:/home/pedcremo/bin
10 verbose lifecycle mortgageCalculator@0.0.0~start: CWD: /home/pedcremo/Dropbox/curs2016-2017/javascript/2nd_term/mortgage_hottowel_generator
11 silly lifecycle mortgageCalculator@0.0.0~start: Args: [ '-c', 'PORT=443 NODE_ENV=build node src/server/app.js' ]
12 silly lifecycle mortgageCalculator@0.0.0~start: Returned: code: 1  signal: null
13 info lifecycle mortgageCalculator@0.0.0~start: Failed to exec start script
14 verbose stack Error: mortgageCalculator@0.0.0 start: `PORT=443 NODE_ENV=build node src/server/app.js`
14 verbose stack Exit status 1
14 verbose stack     at EventEmitter.<anonymous> (/opt/node-v6.9.4-linux-x64/lib/node_modules/npm/lib/utils/lifecycle.js:255:16)
14 verbose stack     at emitTwo (events.js:106:13)
14 verbose stack     at EventEmitter.emit (events.js:191:7)
14 verbose stack     at ChildProcess.<anonymous> (/opt/node-v6.9.4-linux-x64/lib/node_modules/npm/lib/utils/spawn.js:40:14)
14 verbose stack     at emitTwo (events.js:106:13)
14 verbose stack     at ChildProcess.emit (events.js:191:7)
14 verbose stack     at maybeClose (internal/child_process.js:877:16)
14 verbose stack     at Process.ChildProcess._handle.onexit (internal/child_process.js:226:5)
15 verbose pkgid mortgageCalculator@0.0.0
16 verbose cwd /home/pedcremo/Dropbox/curs2016-2017/javascript/2nd_term/mortgage_hottowel_generator
17 error Linux 3.13.0-108-lowlatency
18 error argv "/opt/node-v6.9.4-linux-x64/bin/node" "/usr/local/bin/npm" "start"
19 error node v6.9.4
20 error npm  v3.10.10
21 error code ELIFECYCLE
22 error mortgageCalculator@0.0.0 start: `PORT=443 NODE_ENV=build node src/server/app.js`
22 error Exit status 1
23 error Failed at the mortgageCalculator@0.0.0 start script 'PORT=443 NODE_ENV=build node src/server/app.js'.
23 error Make sure you have the latest version of node.js and npm installed.
23 error If you do, this is most likely a problem with the mortgageCalculator package,
23 error not with npm itself.
23 error Tell the author that this fails on your system:
23 error     PORT=443 NODE_ENV=build node src/server/app.js
23 error You can get information on how to open an issue for this project with:
23 error     npm bugs mortgageCalculator
23 error Or if that isn't available, you can get their info via:
23 error     npm owner ls mortgageCalculator
23 error There is likely additional logging output above.
24 verbose exit [ 1, true ]
